523ms run_async <module> INFO     loading input file kiwisources/travelling-salesman/real_data/data_300.txt ...
215428ms run_async <module> INFO     done
215429ms run_async <module> INFO     starting AsyncManager process
216702ms run_async register_result INFO     AsyncBackTracker found VALID path for 52562
216704ms run_async register_result INFO     AsyncBackTracker found VALID path for 52077
216707ms run_async register_result INFO     AsyncBackTracker found VALID path for 52009
216713ms run_async register_result INFO     AsyncBackTracker found VALID path for 51914
216719ms run_async register_result INFO     AsyncBackTracker found VALID path for 50607
216722ms run_async register_result INFO     AsyncBackTracker found VALID path for 50430
216767ms run_async register_result INFO     AsyncBackTracker found VALID path for 50248
217163ms run_async register_result INFO     AsyncBackTracker found VALID path for 50208
217170ms run_async register_result INFO     AsyncBackTracker found VALID path for 50072
217195ms run_async register_result INFO     AsyncBackTracker found VALID path for 49978
217201ms run_async register_result INFO     AsyncBackTracker found VALID path for 49976
217249ms run_async register_result INFO     AsyncBackTracker found VALID path for 49763
217433ms run_async register_result INFO     AsyncBackTracker found VALID path for 49610
217855ms run_async register_result INFO     AsyncBackTracker found VALID path for 49446
217921ms run_async register_result INFO     AsyncBackTracker found VALID path for 49155
217953ms run_async register_result INFO     AsyncBackTracker found VALID path for 49129
218095ms run_async register_result INFO     AsyncBackTracker found VALID path for 49127
218133ms run_async register_result INFO     AsyncBackTracker found VALID path for 49043
219158ms run_async register_result INFO     AsyncBackTracker found VALID path for 48905
219169ms run_async register_result INFO     AsyncBackTracker found VALID path for 48806
219478ms run_async register_result INFO     AsyncBackTracker found VALID path for 48775
225112ms run_async register_result INFO     AsyncBackTracker found VALID path for 48680
235447ms run_async register_result INFO     AsyncBackTracker found VALID path for 48622
245662ms run_async <module> INFO     Async manager process timed out
