42ms run_async <module> INFO     loading input file kiwisources/travelling-salesman/real_data/data_300.txt ...
223756ms run_async <module> INFO     done
223871ms run_async <module> INFO     starting AsyncManager process
225398ms run_async register_result INFO     AsyncBackTracker found VALID path for 52562
225401ms run_async register_result INFO     AsyncBackTracker found VALID path for 52077
225404ms run_async register_result INFO     AsyncBackTracker found VALID path for 52009
225412ms run_async register_result INFO     AsyncBackTracker found VALID path for 51914
225419ms run_async register_result INFO     AsyncBackTracker found VALID path for 50607
225424ms run_async register_result INFO     AsyncBackTracker found VALID path for 50430
225473ms run_async register_result INFO     AsyncBackTracker found VALID path for 50248
225887ms run_async register_result INFO     AsyncBackTracker found VALID path for 50208
225897ms run_async register_result INFO     AsyncBackTracker found VALID path for 50072
225918ms run_async register_result INFO     AsyncBackTracker found VALID path for 49978
225928ms run_async register_result INFO     AsyncBackTracker found VALID path for 49976
225980ms run_async register_result INFO     AsyncBackTracker found VALID path for 49763
226168ms run_async register_result INFO     AsyncBackTracker found VALID path for 49610
226617ms run_async register_result INFO     AsyncBackTracker found VALID path for 49446
226670ms run_async register_result INFO     AsyncBackTracker found VALID path for 49155
226708ms run_async register_result INFO     AsyncBackTracker found VALID path for 49129
226852ms run_async register_result INFO     AsyncBackTracker found VALID path for 49127
226887ms run_async register_result INFO     AsyncBackTracker found VALID path for 49043
227960ms run_async register_result INFO     AsyncBackTracker found VALID path for 48905
227973ms run_async register_result INFO     AsyncBackTracker found VALID path for 48806
228284ms run_async register_result INFO     AsyncBackTracker found VALID path for 48775
233609ms run_async register_result INFO     AsyncBackTracker found VALID path for 48680
244212ms run_async register_result INFO     AsyncBackTracker found VALID path for 48622
254573ms run_async <module> INFO     Async manager process ended
