450ms run_async <module> INFO     loading input file kiwisources/travelling-salesman/real_data/data_300.txt ...
197229ms run_async <module> INFO     done
197381ms run_async <module> INFO     starting AsyncManager process
198740ms run_async register_result INFO     AsyncBackTracker found VALID path for 52562
198742ms run_async register_result INFO     AsyncBackTracker found VALID path for 52077
198745ms run_async register_result INFO     AsyncBackTracker found VALID path for 52009
198752ms run_async register_result INFO     AsyncBackTracker found VALID path for 51914
198756ms run_async register_result INFO     AsyncBackTracker found VALID path for 50607
198761ms run_async register_result INFO     AsyncBackTracker found VALID path for 50430
198809ms run_async register_result INFO     AsyncBackTracker found VALID path for 50248
199256ms run_async register_result INFO     AsyncBackTracker found VALID path for 50208
199262ms run_async register_result INFO     AsyncBackTracker found VALID path for 50072
199291ms run_async register_result INFO     AsyncBackTracker found VALID path for 49978
199297ms run_async register_result INFO     AsyncBackTracker found VALID path for 49976
199348ms run_async register_result INFO     AsyncBackTracker found VALID path for 49763
199557ms run_async register_result INFO     AsyncBackTracker found VALID path for 49610
200188ms run_async register_result INFO     AsyncBackTracker found VALID path for 49446
200241ms run_async register_result INFO     AsyncBackTracker found VALID path for 49155
200278ms run_async register_result INFO     AsyncBackTracker found VALID path for 49129
200414ms run_async register_result INFO     AsyncBackTracker found VALID path for 49127
200455ms run_async register_result INFO     AsyncBackTracker found VALID path for 49043
201526ms run_async register_result INFO     AsyncBackTracker found VALID path for 48905
201540ms run_async register_result INFO     AsyncBackTracker found VALID path for 48806
201848ms run_async register_result INFO     AsyncBackTracker found VALID path for 48775
207240ms run_async register_result INFO     AsyncBackTracker found VALID path for 48680
217910ms run_async register_result INFO     AsyncBackTracker found VALID path for 48622
249713ms run_async register_result INFO     AsyncBackTracker found VALID path for 48608
318049ms run_async <module> INFO     Async manager process timed out
