1971ms run_async <module> INFO     loading input file kiwisources/travelling-salesman/real_data/data_300.txt ...
235346ms run_async <module> INFO     done
235346ms run_async <module> INFO     starting AsyncManager process
236767ms run_async register_result INFO     AsyncBackTracker found VALID path for 52562
236769ms run_async register_result INFO     AsyncBackTracker found VALID path for 52077
236771ms run_async register_result INFO     AsyncBackTracker found VALID path for 52009
236778ms run_async register_result INFO     AsyncBackTracker found VALID path for 51914
236786ms run_async register_result INFO     AsyncBackTracker found VALID path for 50607
236791ms run_async register_result INFO     AsyncBackTracker found VALID path for 50430
236838ms run_async register_result INFO     AsyncBackTracker found VALID path for 50248
237239ms run_async register_result INFO     AsyncBackTracker found VALID path for 50208
237246ms run_async register_result INFO     AsyncBackTracker found VALID path for 50072
237272ms run_async register_result INFO     AsyncBackTracker found VALID path for 49978
237278ms run_async register_result INFO     AsyncBackTracker found VALID path for 49976
237323ms run_async register_result INFO     AsyncBackTracker found VALID path for 49763
237487ms run_async register_result INFO     AsyncBackTracker found VALID path for 49610
237905ms run_async register_result INFO     AsyncBackTracker found VALID path for 49446
237956ms run_async register_result INFO     AsyncBackTracker found VALID path for 49155
237992ms run_async register_result INFO     AsyncBackTracker found VALID path for 49129
238129ms run_async register_result INFO     AsyncBackTracker found VALID path for 49127
238167ms run_async register_result INFO     AsyncBackTracker found VALID path for 49043
239254ms run_async register_result INFO     AsyncBackTracker found VALID path for 48905
239269ms run_async register_result INFO     AsyncBackTracker found VALID path for 48806
239564ms run_async register_result INFO     AsyncBackTracker found VALID path for 48775
244939ms run_async register_result INFO     AsyncBackTracker found VALID path for 48680
255638ms run_async register_result INFO     AsyncBackTracker found VALID path for 48622
287278ms run_async register_result INFO     AsyncBackTracker found VALID path for 48608
355648ms run_async <module> INFO     Async manager process timed out
