43ms run_async do_file INFO     ==================================================
43ms run_async do_file INFO     loading input file kiwisources/travelling-salesman/real_data/sorted_data/data_5.txt ...
44ms run_async do_file INFO     done
44ms run_async do_file INFO     starting AsyncManager process
51ms run_async search_async INFO     3 workers
53ms run_async register_result INFO     Lookup_l:1_s:1 found VALID path for 2838
1086ms run_async search_async INFO     all threads finished before timeout of 29s
1089ms run_async do_file INFO     Async manager process ended
1090ms run_async do_file INFO     ==================================================
1090ms run_async do_file INFO     loading input file kiwisources/travelling-salesman/real_data/sorted_data/data_15.txt ...
1101ms run_async do_file INFO     done
1101ms run_async do_file INFO     starting AsyncManager process
1105ms run_async search_async INFO     3 workers
1109ms run_async register_result INFO     Lookup_l:1_s:1 found VALID path for 5324
2116ms run_async register_result INFO     Lookup_l:1_s:1 found VALID path for 5286
3070ms run_async register_result INFO     Lookup_l:1_s:1 found VALID path for 5234
30365ms run_async search_async INFO     some threads are still alive after timeout of 29s
30401ms run_async do_file INFO     Async manager process ended
30402ms run_async do_file INFO     ==================================================
30402ms run_async do_file INFO     loading input file kiwisources/travelling-salesman/real_data/sorted_data/data_30.txt ...
30458ms run_async do_file INFO     done
30459ms run_async do_file INFO     starting AsyncManager process
30465ms run_async search_async INFO     3 workers
30480ms run_async register_result INFO     Lookup_l:1_s:1 found VALID path for 8274
30579ms run_async register_result INFO     Lookup_l:1_s:1 found VALID path for 8259
42627ms run_async register_result INFO     Lookup_l:3_s:2 found VALID path for 8184
59832ms run_async search_async INFO     some threads are still alive after timeout of 29s
59837ms run_async do_file INFO     Async manager process ended
59838ms run_async do_file INFO     ==================================================
59838ms run_async do_file INFO     loading input file kiwisources/travelling-salesman/real_data/sorted_data/data_50.txt ...
60187ms run_async do_file INFO     done
60187ms run_async do_file INFO     starting AsyncManager process
60194ms run_async search_async INFO     3 workers
60241ms run_async register_result INFO     Lookup_l:1_s:1 found VALID path for 12624
89496ms run_async search_async INFO     some threads are still alive after timeout of 29s
89509ms run_async do_file INFO     Async manager process ended
89510ms run_async do_file INFO     ==================================================
89510ms run_async do_file INFO     loading input file kiwisources/travelling-salesman/real_data/sorted_data/data_100.txt ...
92211ms run_async do_file INFO     done
92211ms run_async do_file INFO     starting AsyncManager process
92220ms run_async search_async INFO     3 workers
92814ms run_async register_result INFO     Lookup_l:1_s:1 found VALID path for 21613
92843ms run_async register_result INFO     Lookup_l:1_s:1 found VALID path for 21606
92913ms run_async register_result INFO     Lookup_l:1_s:1 found VALID path for 21066
93912ms run_async register_result INFO     Lookup_l:1_s:1 found VALID path for 20997
121451ms run_async search_async INFO     some threads are still alive after timeout of 29s
121487ms run_async do_file INFO     Async manager process ended
121487ms run_async do_file INFO     ==================================================
121487ms run_async do_file INFO     loading input file kiwisources/travelling-salesman/real_data/sorted_data/data_200.txt ...
145162ms run_async do_file INFO     done
145162ms run_async do_file INFO     starting AsyncManager process
145190ms run_async search_async INFO     3 workers
149452ms run_async register_result INFO     Lookup_l:1_s:1 found VALID path for 45089
149505ms run_async register_result INFO     Lookup_l:1_s:1 found VALID path for 44911
150060ms run_async register_result INFO     Lookup_l:1_s:1 found VALID path for 44883
150093ms run_async register_result INFO     Lookup_l:1_s:1 found VALID path for 44862
150494ms run_async register_result INFO     Lookup_l:1_s:1 found VALID path for 44639
175007ms run_async search_async INFO     some threads are still alive after timeout of 29s
175191ms run_async do_file INFO     Async manager process ended
175193ms run_async do_file INFO     ==================================================
175193ms run_async do_file INFO     loading input file kiwisources/travelling-salesman/real_data/data_300.txt ...
349540ms run_async do_file INFO     done
349555ms run_async do_file INFO     starting AsyncManager process
349654ms run_async search_async INFO     3 workers
354867ms run_async register_result INFO     Lookup_l:1_s:1 found VALID path for 52562
354916ms run_async register_result INFO     Lookup_l:1_s:1 found VALID path for 52077
354961ms run_async register_result INFO     Lookup_l:1_s:1 found VALID path for 52009
355078ms run_async register_result INFO     Lookup_l:1_s:1 found VALID path for 51914
355193ms run_async register_result INFO     Lookup_l:1_s:1 found VALID path for 50607
355417ms run_async register_result INFO     Lookup_l:1_s:1 found VALID path for 50430
357576ms run_async register_result INFO     Lookup_l:1_s:1 found VALID path for 50248
373259ms run_async register_result INFO     Lookup_l:1_s:1 found VALID path for 50208
373477ms run_async register_result INFO     Lookup_l:1_s:1 found VALID path for 50072
374277ms run_async register_result INFO     Lookup_l:1_s:1 found VALID path for 49978
374430ms run_async register_result INFO     Lookup_l:1_s:1 found VALID path for 49976
376296ms run_async register_result INFO     Lookup_l:1_s:1 found VALID path for 49763
379107ms run_async search_async INFO     some threads are still alive after timeout of 29s
379665ms run_async do_file INFO     Async manager process timed out
