46ms run_async do_file INFO     ==================================================
46ms run_async do_file INFO     loading input file kiwisources/travelling-salesman/real_data/sorted_data/data_5.txt ...
63ms run_async do_file INFO     done
64ms run_async do_file INFO     starting AsyncManager process
74ms run_async register_result INFO     Lookup_l:1_s:1 found VALID path for 2838
148ms run_async search_async INFO     all threads finished before timeout of 29s
149ms run_async do_file INFO     Async manager process ended
150ms run_async do_file INFO     ==================================================
150ms run_async do_file INFO     loading input file kiwisources/travelling-salesman/real_data/sorted_data/data_15.txt ...
181ms run_async do_file INFO     done
182ms run_async do_file INFO     starting AsyncManager process
192ms run_async register_result INFO     Lookup_l:1_s:1 found VALID path for 5324
2201ms run_async register_result INFO     Lookup_l:1_s:1 found VALID path for 5286
3684ms run_async register_result INFO     Lookup_l:1_s:1 found VALID path for 5234
29638ms run_async search_async INFO     threads ['functools.partial(<bound method BackTrackerLookup.search of <src.searchers.BackTrackerLookup.BackTrackerLookup object at 0x10f98ca20>>, 1, 1)', 'functools.partial(<bound method BackTrackerLookup.search of <src.searchers.BackTrackerLookup.BackTrackerLookup object at 0x10f981048>>, 2, 1)', 'functools.partial(<bound method BackTrackerLookup.search of <src.searchers.BackTrackerLookup.BackTrackerLookup object at 0x10f981198>>, 2, 2)', 'functools.partial(<bound method BackTrackerLookup.search of <src.searchers.BackTrackerLookup.BackTrackerLookup object at 0x10fa7d198>>, 3, 1)', 'functools.partial(<bound method BackTrackerLookup.search of <src.searchers.BackTrackerLookup.BackTrackerLookup object at 0x10fa7d1d0>>, 3, 2)', 'functools.partial(<bound method BackTrackerLookup.search of <src.searchers.BackTrackerLookup.BackTrackerLookup object at 0x10fa7d208>>, 3, 3)'] are still alive after timeout of 29s
29642ms run_async do_file INFO     Async manager process ended
29642ms run_async do_file INFO     ==================================================
29642ms run_async do_file INFO     loading input file kiwisources/travelling-salesman/real_data/sorted_data/data_15.txt ...
29650ms run_async do_file INFO     done
29650ms run_async do_file INFO     starting AsyncManager process
29658ms run_async register_result INFO     Lookup_l:1_s:1 found VALID path for 5324
31416ms run_async register_result INFO     Lookup_l:1_s:1 found VALID path for 5286
33389ms run_async register_result INFO     Lookup_l:1_s:1 found VALID path for 5234
59039ms run_async search_async INFO     threads ['functools.partial(<bound method BackTrackerLookup.search of <src.searchers.BackTrackerLookup.BackTrackerLookup object at 0x10fa7d240>>, 1, 1)', 'functools.partial(<bound method BackTrackerLookup.search of <src.searchers.BackTrackerLookup.BackTrackerLookup object at 0x10fa7d320>>, 2, 1)', 'functools.partial(<bound method BackTrackerLookup.search of <src.searchers.BackTrackerLookup.BackTrackerLookup object at 0x10fa7d2b0>>, 2, 2)', 'functools.partial(<bound method BackTrackerLookup.search of <src.searchers.BackTrackerLookup.BackTrackerLookup object at 0x10f9ece80>>, 3, 1)', 'functools.partial(<bound method BackTrackerLookup.search of <src.searchers.BackTrackerLookup.BackTrackerLookup object at 0x10f9ece48>>, 3, 2)', 'functools.partial(<bound method BackTrackerLookup.search of <src.searchers.BackTrackerLookup.BackTrackerLookup object at 0x10f9ece10>>, 3, 3)'] are still alive after timeout of 29s
59042ms run_async do_file INFO     Async manager process ended
59043ms run_async do_file INFO     ==================================================
59043ms run_async do_file INFO     loading input file kiwisources/travelling-salesman/real_data/sorted_data/data_30.txt ...
59118ms run_async do_file INFO     done
59118ms run_async do_file INFO     starting AsyncManager process
59140ms run_async register_result INFO     Lookup_l:1_s:1 found VALID path for 8274
59273ms run_async register_result INFO     Lookup_l:1_s:1 found VALID path for 8259
86362ms run_async register_result INFO     Lookup_l:3_s:2 found VALID path for 8184
88698ms run_async search_async INFO     threads ['functools.partial(<bound method BackTrackerLookup.search of <src.searchers.BackTrackerLookup.BackTrackerLookup object at 0x10f9ecdd8>>, 1, 1)', 'functools.partial(<bound method BackTrackerLookup.search of <src.searchers.BackTrackerLookup.BackTrackerLookup object at 0x10f9eccf8>>, 2, 1)', 'functools.partial(<bound method BackTrackerLookup.search of <src.searchers.BackTrackerLookup.BackTrackerLookup object at 0x10f9ecd68>>, 2, 2)', 'functools.partial(<bound method BackTrackerLookup.search of <src.searchers.BackTrackerLookup.BackTrackerLookup object at 0x110308a58>>, 3, 1)', 'functools.partial(<bound method BackTrackerLookup.search of <src.searchers.BackTrackerLookup.BackTrackerLookup object at 0x110308a90>>, 3, 2)', 'functools.partial(<bound method BackTrackerLookup.search of <src.searchers.BackTrackerLookup.BackTrackerLookup object at 0x110308ac8>>, 3, 3)'] are still alive after timeout of 29s
88730ms run_async do_file INFO     Async manager process ended
88731ms run_async do_file INFO     ==================================================
88731ms run_async do_file INFO     loading input file kiwisources/travelling-salesman/real_data/sorted_data/data_50.txt ...
89128ms run_async do_file INFO     done
89129ms run_async do_file INFO     starting AsyncManager process
89224ms run_async register_result INFO     Lookup_l:1_s:1 found VALID path for 12624
118747ms run_async search_async INFO     threads ['functools.partial(<bound method BackTrackerLookup.search of <src.searchers.BackTrackerLookup.BackTrackerLookup object at 0x110308b00>>, 1, 1)', 'functools.partial(<bound method BackTrackerLookup.search of <src.searchers.BackTrackerLookup.BackTrackerLookup object at 0x110308be0>>, 2, 1)', 'functools.partial(<bound method BackTrackerLookup.search of <src.searchers.BackTrackerLookup.BackTrackerLookup object at 0x110308b70>>, 2, 2)', 'functools.partial(<bound method BackTrackerLookup.search of <src.searchers.BackTrackerLookup.BackTrackerLookup object at 0x112367668>>, 3, 1)', 'functools.partial(<bound method BackTrackerLookup.search of <src.searchers.BackTrackerLookup.BackTrackerLookup object at 0x1123676a0>>, 3, 2)', 'functools.partial(<bound method BackTrackerLookup.search of <src.searchers.BackTrackerLookup.BackTrackerLookup object at 0x1123676d8>>, 3, 3)'] are still alive after timeout of 29s
118769ms run_async do_file INFO     Async manager process ended
118769ms run_async do_file INFO     ==================================================
118769ms run_async do_file INFO     loading input file kiwisources/travelling-salesman/real_data/sorted_data/data_100.txt ...
122055ms run_async do_file INFO     done
122055ms run_async do_file INFO     starting AsyncManager process
122966ms run_async register_result INFO     Lookup_l:1_s:1 found VALID path for 21613
122992ms run_async register_result INFO     Lookup_l:1_s:1 found VALID path for 21606
123099ms run_async register_result INFO     Lookup_l:1_s:1 found VALID path for 21066
125485ms run_async register_result INFO     Lookup_l:1_s:1 found VALID path for 20997
151769ms run_async search_async INFO     threads ['functools.partial(<bound method BackTrackerLookup.search of <src.searchers.BackTrackerLookup.BackTrackerLookup object at 0x112367710>>, 1, 1)', 'functools.partial(<bound method BackTrackerLookup.search of <src.searchers.BackTrackerLookup.BackTrackerLookup object at 0x1123677f0>>, 2, 1)', 'functools.partial(<bound method BackTrackerLookup.search of <src.searchers.BackTrackerLookup.BackTrackerLookup object at 0x112367780>>, 2, 2)', 'functools.partial(<bound method BackTrackerLookup.search of <src.searchers.BackTrackerLookup.BackTrackerLookup object at 0x124e2c358>>, 3, 1)', 'functools.partial(<bound method BackTrackerLookup.search of <src.searchers.BackTrackerLookup.BackTrackerLookup object at 0x124e2c390>>, 3, 2)', 'functools.partial(<bound method BackTrackerLookup.search of <src.searchers.BackTrackerLookup.BackTrackerLookup object at 0x124e2c3c8>>, 3, 3)'] are still alive after timeout of 29s
151831ms run_async do_file INFO     Async manager process ended
151832ms run_async do_file INFO     ==================================================
151832ms run_async do_file INFO     loading input file kiwisources/travelling-salesman/real_data/sorted_data/data_200.txt ...
183023ms run_async do_file INFO     done
183038ms run_async do_file INFO     starting AsyncManager process
189645ms run_async register_result INFO     Lookup_l:1_s:1 found VALID path for 45089
189740ms run_async register_result INFO     Lookup_l:1_s:1 found VALID path for 44911
191171ms run_async register_result INFO     Lookup_l:1_s:1 found VALID path for 44883
191260ms run_async register_result INFO     Lookup_l:1_s:1 found VALID path for 44862
192403ms run_async register_result INFO     Lookup_l:1_s:1 found VALID path for 44639
213062ms run_async do_file INFO     Async manager process timed out
213064ms run_async do_file INFO     ==================================================
213064ms run_async do_file INFO     loading input file kiwisources/travelling-salesman/real_data/data_300.txt ...
480408ms run_async do_file INFO     done
480411ms run_async do_file INFO     starting AsyncManager process
490486ms run_async register_result INFO     Lookup_l:1_s:1 found VALID path for 52562
490508ms run_async register_result INFO     Lookup_l:1_s:1 found VALID path for 52077
490609ms run_async register_result INFO     Lookup_l:1_s:1 found VALID path for 52009
490968ms run_async register_result INFO     Lookup_l:1_s:1 found VALID path for 51914
491188ms run_async register_result INFO     Lookup_l:1_s:1 found VALID path for 50607
491478ms run_async register_result INFO     Lookup_l:1_s:1 found VALID path for 50430
495063ms run_async register_result INFO     Lookup_l:1_s:1 found VALID path for 50248
510369ms run_async search_async INFO     threads ['functools.partial(<bound method BackTrackerLookup.search of <src.searchers.BackTrackerLookup.BackTrackerLookup object at 0x1b24ce828>>, 1, 1)', 'functools.partial(<bound method BackTrackerLookup.search of <src.searchers.BackTrackerLookup.BackTrackerLookup object at 0x1b24ce978>>, 2, 1)', 'functools.partial(<bound method BackTrackerLookup.search of <src.searchers.BackTrackerLookup.BackTrackerLookup object at 0x1b24ce908>>, 2, 2)', 'functools.partial(<bound method BackTrackerLookup.search of <src.searchers.BackTrackerLookup.BackTrackerLookup object at 0x358c2da20>>, 3, 1)', 'functools.partial(<bound method BackTrackerLookup.search of <src.searchers.BackTrackerLookup.BackTrackerLookup object at 0x358c2da58>>, 3, 2)', 'functools.partial(<bound method BackTrackerLookup.search of <src.searchers.BackTrackerLookup.BackTrackerLookup object at 0x358c2da90>>, 3, 3)'] are still alive after timeout of 29s
510572ms run_async do_file INFO     Async manager process timed out
