509ms run_async do_file INFO     ==================================================
510ms run_async do_file INFO     loading input file kiwisources/travelling-salesman/real_data/sorted_data/data_5.txt ...
524ms run_async do_file INFO     done
525ms run_async do_file INFO     starting AsyncManager process
556ms run_async register_result INFO     Simple backtracker found VALID path for 2838
557ms AsyncBackTracker search INFO     self.dataset exhausted
588ms run_async search_async INFO     all threads finished before timeout of 29s
590ms run_async do_file INFO     Async manager process ended
590ms run_async do_file INFO     ==================================================
590ms run_async do_file INFO     loading input file kiwisources/travelling-salesman/real_data/sorted_data/data_15.txt ...
628ms run_async do_file INFO     done
628ms run_async do_file INFO     starting AsyncManager process
635ms run_async register_result INFO     Simple backtracker found VALID path for 5324
29699ms run_async search_async INFO     some threads are still alive after timeout of 29s
29714ms run_async do_file INFO     Async manager process ended
29715ms run_async do_file INFO     ==================================================
29715ms run_async do_file INFO     loading input file kiwisources/travelling-salesman/real_data/sorted_data/data_30.txt ...
29801ms run_async do_file INFO     done
29802ms run_async do_file INFO     starting AsyncManager process
29815ms run_async register_result INFO     Simple backtracker found VALID path for 8274
59138ms run_async search_async INFO     some threads are still alive after timeout of 29s
59164ms run_async do_file INFO     Async manager process ended
59164ms run_async do_file INFO     ==================================================
59164ms run_async do_file INFO     loading input file kiwisources/travelling-salesman/real_data/sorted_data/data_50.txt ...
59639ms run_async do_file INFO     done
59639ms run_async do_file INFO     starting AsyncManager process
59669ms run_async register_result INFO     Simple backtracker found VALID path for 12624
88646ms run_async search_async INFO     some threads are still alive after timeout of 29s
88674ms run_async do_file INFO     Async manager process ended
88674ms run_async do_file INFO     ==================================================
88674ms run_async do_file INFO     loading input file kiwisources/travelling-salesman/real_data/sorted_data/data_100.txt ...
91549ms run_async do_file INFO     done
91550ms run_async do_file INFO     starting AsyncManager process
92138ms run_async register_result INFO     Simple backtracker found VALID path for 21613
121274ms run_async search_async INFO     some threads are still alive after timeout of 29s
121390ms run_async do_file INFO     Async manager process ended
121391ms run_async do_file INFO     ==================================================
121391ms run_async do_file INFO     loading input file kiwisources/travelling-salesman/real_data/sorted_data/data_200.txt ...
147274ms run_async do_file INFO     done
147274ms run_async do_file INFO     starting AsyncManager process
153733ms run_async register_result INFO     Simple backtracker found VALID path for 45089
176423ms run_async search_async INFO     some threads are still alive after timeout of 29s
176628ms run_async do_file INFO     Async manager process ended
176628ms run_async do_file INFO     ==================================================
176628ms run_async do_file INFO     loading input file kiwisources/travelling-salesman/real_data/data_300.txt ...
386837ms run_async do_file INFO     done
386846ms run_async do_file INFO     starting AsyncManager process
400905ms run_async register_result INFO     Simple backtracker found VALID path for 52562
416765ms run_async search_async INFO     some threads are still alive after timeout of 29s
416969ms run_async do_file INFO     Async manager process timed out
