52ms run_async do_file INFO     ==================================================
52ms run_async do_file INFO     loading input file kiwisources/travelling-salesman/real_data/sorted_data/data_5.txt ...
53ms run_async do_file INFO     done
53ms run_async do_file INFO     starting AsyncManager process
103ms run_async search_async INFO     6 workers
105ms run_async register_result INFO     Lookup_l:1_s:1 found VALID path for 2838
181ms run_async search_async INFO     all threads finished before timeout of 29s
183ms run_async do_file INFO     Async manager process ended
183ms run_async do_file INFO     ==================================================
183ms run_async do_file INFO     loading input file kiwisources/travelling-salesman/real_data/sorted_data/data_15.txt ...
214ms run_async do_file INFO     done
217ms run_async do_file INFO     starting AsyncManager process
221ms run_async search_async INFO     6 workers
226ms run_async register_result INFO     Lookup_l:1_s:1 found VALID path for 5324
2348ms run_async register_result INFO     Lookup_l:1_s:1 found VALID path for 5286
4443ms run_async register_result INFO     Lookup_l:1_s:1 found VALID path for 5234
29614ms run_async search_async INFO     some threads are still alive after timeout of 29s
29629ms run_async do_file INFO     Async manager process ended
29629ms run_async do_file INFO     ==================================================
29629ms run_async do_file INFO     loading input file kiwisources/travelling-salesman/real_data/sorted_data/data_30.txt ...
29723ms run_async do_file INFO     done
29747ms run_async do_file INFO     starting AsyncManager process
29752ms run_async search_async INFO     6 workers
29766ms run_async register_result INFO     Lookup_l:1_s:1 found VALID path for 8274
29832ms run_async register_result INFO     Lookup_l:1_s:1 found VALID path for 8259
55237ms run_async register_result INFO     Lookup_l:3_s:2 found VALID path for 8184
59196ms run_async search_async INFO     some threads are still alive after timeout of 29s
59206ms run_async do_file INFO     Async manager process ended
59207ms run_async do_file INFO     ==================================================
59207ms run_async do_file INFO     loading input file kiwisources/travelling-salesman/real_data/sorted_data/data_50.txt ...
59576ms run_async do_file INFO     done
59681ms run_async do_file INFO     starting AsyncManager process
59688ms run_async search_async INFO     6 workers
59792ms run_async register_result INFO     Lookup_l:1_s:1 found VALID path for 12624
89328ms run_async search_async INFO     some threads are still alive after timeout of 29s
89347ms run_async do_file INFO     Async manager process ended
89347ms run_async do_file INFO     ==================================================
89347ms run_async do_file INFO     loading input file kiwisources/travelling-salesman/real_data/sorted_data/data_100.txt ...
92631ms run_async do_file INFO     done
93311ms run_async do_file INFO     starting AsyncManager process
93322ms run_async search_async INFO     6 workers
95003ms run_async register_result INFO     Lookup_l:1_s:1 found VALID path for 21613
95033ms run_async register_result INFO     Lookup_l:1_s:1 found VALID path for 21606
95236ms run_async register_result INFO     Lookup_l:1_s:1 found VALID path for 21066
97087ms run_async register_result INFO     Lookup_l:1_s:1 found VALID path for 20997
122388ms run_async search_async INFO     some threads are still alive after timeout of 29s
122439ms run_async do_file INFO     Async manager process ended
122439ms run_async do_file INFO     ==================================================
122440ms run_async do_file INFO     loading input file kiwisources/travelling-salesman/real_data/sorted_data/data_200.txt ...
151228ms run_async do_file INFO     done
158716ms run_async do_file INFO     starting AsyncManager process
158773ms run_async search_async INFO     6 workers
170082ms run_async register_result INFO     Lookup_l:1_s:1 found VALID path for 45089
170165ms run_async register_result INFO     Lookup_l:1_s:1 found VALID path for 44911
171515ms run_async register_result INFO     Lookup_l:1_s:1 found VALID path for 44883
171615ms run_async register_result INFO     Lookup_l:1_s:1 found VALID path for 44862
172546ms run_async register_result INFO     Lookup_l:1_s:1 found VALID path for 44639
188706ms run_async search_async INFO     some threads are still alive after timeout of 29s
188772ms run_async do_file INFO     Async manager process timed out
188773ms run_async do_file INFO     ==================================================
188773ms run_async do_file INFO     loading input file kiwisources/travelling-salesman/real_data/data_300.txt ...
584402ms run_async do_file INFO     done
778584ms run_async do_file INFO     starting AsyncManager process
778947ms run_async search_async INFO     6 workers
